<?xml version="1.0" encoding="UTF-8"?>
<!-- Generated by org.testng.reporters.JUnitReportReporter -->
<testsuite hostname="PT-CTL-027" name="tests.AssignmentTwo" tests="1" failures="0" timestamp="11 Mar 2020 05:26:47 GMT" time="42.921" errors="0">
  <testcase name="assignmentTwo" time="42.921" classname="tests.AssignmentTwo"/>
</testsuite> <!-- tests.AssignmentTwo -->
