<?xml version="1.0" encoding="UTF-8"?>
<!-- Generated by org.testng.reporters.JUnitReportReporter -->
<testsuite hostname="PT-CTL-027" name="tests.AssignmentOne" tests="1" failures="0" timestamp="11 Mar 2020 05:26:47 GMT" time="19.134" errors="0">
  <testcase name="Test1" time="19.134" classname="tests.AssignmentOne"/>
</testsuite> <!-- tests.AssignmentOne -->
